{"C:\\Users\\user\\AssetFlow\\backend\\src\\config\\env.ts": {"path":"C:\\Users\\user\\AssetFlow\\backend\\src\\config\\env.ts","statementMap":{"0":{"start":{"line":5,"column":0},"end":{"line":5,"column":null}},"1":{"start":{"line":7,"column":18},"end":{"line":21,"column":null}},"2":{"start":{"line":23,"column":18},"end":{"line":23,"column":null}},"3":{"start":{"line":25,"column":0},"end":{"line":28,"column":null}},"4":{"start":{"line":26,"column":2},"end":{"line":26,"column":null}},"5":{"start":{"line":27,"column":2},"end":{"line":27,"column":null}},"6":{"start":{"line":30,"column":19},"end":{"line":30,"column":null}}},"fnMap":{},"branchMap":{"0":{"loc":{"start":{"line":25,"column":0},"end":{"line":28,"column":null}},"type":"if","locations":[{"start":{"line":25,"column":0},"end":{"line":28,"column":null}},{"start":{},"end":{}}],"line":25}},"s":{"0":2,"1":2,"2":2,"3":2,"4":0,"5":0,"6":2},"f":{},"b":{"0":[0,2]},"meta":{"lastBranch":1,"lastFunction":0,"lastStatement":7,"seen":{"s:5:0:5:Infinity":0,"s:7:18:21:Infinity":1,"s:23:18:23:Infinity":2,"b:25:0:28:Infinity:undefined:undefined:undefined:undefined":0,"s:25:0:28:Infinity":3,"s:26:2:26:Infinity":4,"s:27:2:27:Infinity":5,"s:30:19:30:Infinity":6},"fnNames":{}}}
,"C:\\Users\\user\\AssetFlow\\backend\\src\\constants\\auth.ts": {"path":"C:\\Users\\user\\AssetFlow\\backend\\src\\constants\\auth.ts","statementMap":{"0":{"start":{"line":1,"column":30},"end":{"line":32,"column":null}}},"fnMap":{},"branchMap":{},"s":{"0":3},"f":{},"b":{},"meta":{"lastBranch":0,"lastFunction":0,"lastStatement":1,"seen":{"s:1:30:32:Infinity":0},"fnNames":{}}}
,"C:\\Users\\user\\AssetFlow\\backend\\src\\constants\\httpStatus.ts": {"path":"C:\\Users\\user\\AssetFlow\\backend\\src\\constants\\httpStatus.ts","statementMap":{"0":{"start":{"line":1,"column":27},"end":{"line":13,"column":null}}},"fnMap":{},"branchMap":{},"s":{"0":5},"f":{},"b":{},"meta":{"lastBranch":0,"lastFunction":0,"lastStatement":1,"seen":{"s:1:27:13:Infinity":0},"fnNames":{}}}
,"C:\\Users\\user\\AssetFlow\\backend\\src\\constants\\permissions.ts": {"path":"C:\\Users\\user\\AssetFlow\\backend\\src\\constants\\permissions.ts","statementMap":{"0":{"start":{"line":3,"column":27},"end":{"line":28,"column":null}},"1":{"start":{"line":32,"column":60},"end":{"line":53,"column":null}}},"fnMap":{},"branchMap":{},"s":{"0":1,"1":1},"f":{},"b":{},"meta":{"lastBranch":0,"lastFunction":0,"lastStatement":2,"seen":{"s:3:27:28:Infinity":0,"s:32:60:53:Infinity":1},"fnNames":{}}}
,"C:\\Users\\user\\AssetFlow\\backend\\src\\constants\\roles.ts": {"path":"C:\\Users\\user\\AssetFlow\\backend\\src\\constants\\roles.ts","statementMap":{"0":{"start":{"line":1,"column":21},"end":{"line":6,"column":null}}},"fnMap":{},"branchMap":{},"s":{"0":2},"f":{},"b":{},"meta":{"lastBranch":0,"lastFunction":0,"lastStatement":1,"seen":{"s:1:21:6:Infinity":0},"fnNames":{}}}
,"C:\\Users\\user\\AssetFlow\\backend\\src\\modules\\auth\\middlewares\\auth.middleware.ts": {"path":"C:\\Users\\user\\AssetFlow\\backend\\src\\modules\\auth\\middlewares\\auth.middleware.ts","statementMap":{"0":{"start":{"line":9,"column":6},"end":{"line":15,"column":null}},"1":{"start":{"line":10,"column":21},"end":{"line":10,"column":null}},"2":{"start":{"line":11,"column":2},"end":{"line":13,"column":null}},"3":{"start":{"line":12,"column":4},"end":{"line":12,"column":null}},"4":{"start":{"line":14,"column":2},"end":{"line":14,"column":null}},"5":{"start":{"line":18,"column":13},"end":{"line":72,"column":null}},"6":{"start":{"line":19,"column":2},"end":{"line":71,"column":null}},"7":{"start":{"line":20,"column":4},"end":{"line":70,"column":null}},"8":{"start":{"line":21,"column":20},"end":{"line":21,"column":null}},"9":{"start":{"line":22,"column":6},"end":{"line":28,"column":null}},"10":{"start":{"line":23,"column":8},"end":{"line":27,"column":null}},"11":{"start":{"line":30,"column":22},"end":{"line":30,"column":null}},"12":{"start":{"line":32,"column":6},"end":{"line":38,"column":null}},"13":{"start":{"line":33,"column":8},"end":{"line":37,"column":null}},"14":{"start":{"line":40,"column":19},"end":{"line":40,"column":null}},"15":{"start":{"line":41,"column":6},"end":{"line":47,"column":null}},"16":{"start":{"line":42,"column":8},"end":{"line":46,"column":null}},"17":{"start":{"line":49,"column":6},"end":{"line":55,"column":null}},"18":{"start":{"line":50,"column":8},"end":{"line":54,"column":null}},"19":{"start":{"line":57,"column":37},"end":{"line":64,"column":null}},"20":{"start":{"line":66,"column":6},"end":{"line":66,"column":null}},"21":{"start":{"line":67,"column":6},"end":{"line":67,"column":null}},"22":{"start":{"line":69,"column":6},"end":{"line":69,"column":null}},"23":{"start":{"line":75,"column":13},"end":{"line":101,"column":null}},"24":{"start":{"line":76,"column":2},"end":{"line":100,"column":null}},"25":{"start":{"line":77,"column":17},"end":{"line":77,"column":null}},"26":{"start":{"line":79,"column":4},"end":{"line":87,"column":null}},"27":{"start":{"line":80,"column":6},"end":{"line":86,"column":null}},"28":{"start":{"line":89,"column":4},"end":{"line":97,"column":null}},"29":{"start":{"line":90,"column":6},"end":{"line":96,"column":null}},"30":{"start":{"line":99,"column":4},"end":{"line":99,"column":null}},"31":{"start":{"line":104,"column":13},"end":{"line":136,"column":null}},"32":{"start":{"line":105,"column":2},"end":{"line":135,"column":null}},"33":{"start":{"line":106,"column":4},"end":{"line":134,"column":null}},"34":{"start":{"line":107,"column":20},"end":{"line":107,"column":null}},"35":{"start":{"line":108,"column":6},"end":{"line":110,"column":null}},"36":{"start":{"line":109,"column":8},"end":{"line":109,"column":null}},"37":{"start":{"line":112,"column":22},"end":{"line":112,"column":null}},"38":{"start":{"line":113,"column":6},"end":{"line":115,"column":null}},"39":{"start":{"line":114,"column":8},"end":{"line":114,"column":null}},"40":{"start":{"line":117,"column":19},"end":{"line":117,"column":null}},"41":{"start":{"line":118,"column":6},"end":{"line":128,"column":null}},"42":{"start":{"line":119,"column":39},"end":{"line":126,"column":null}},"43":{"start":{"line":127,"column":8},"end":{"line":127,"column":null}},"44":{"start":{"line":130,"column":6},"end":{"line":130,"column":null}},"45":{"start":{"line":133,"column":6},"end":{"line":133,"column":null}},"46":{"start":{"line":139,"column":13},"end":{"line":148,"column":null}},"47":{"start":{"line":140,"column":2},"end":{"line":146,"column":null}},"48":{"start":{"line":141,"column":4},"end":{"line":145,"column":null}},"49":{"start":{"line":147,"column":2},"end":{"line":147,"column":null}}},"fnMap":{"0":{"name":"(anonymous_0)","decl":{"start":{"line":9,"column":6},"end":{"line":9,"column":22}},"loc":{"start":{"line":9,"column":54},"end":{"line":15,"column":null}},"line":9},"1":{"name":"(anonymous_1)","decl":{"start":{"line":18,"column":13},"end":{"line":18,"column":29}},"loc":{"start":{"line":18,"column":65},"end":{"line":72,"column":null}},"line":18},"2":{"name":"(anonymous_2)","decl":{"start":{"line":19,"column":9},"end":{"line":19,"column":16}},"loc":{"start":{"line":19,"column":69},"end":{"line":71,"column":null}},"line":19},"3":{"name":"(anonymous_3)","decl":{"start":{"line":75,"column":13},"end":{"line":75,"column":28}},"loc":{"start":{"line":75,"column":51},"end":{"line":101,"column":null}},"line":75},"4":{"name":"(anonymous_4)","decl":{"start":{"line":76,"column":2},"end":{"line":76,"column":10}},"loc":{"start":{"line":76,"column":63},"end":{"line":100,"column":null}},"line":76},"5":{"name":"(anonymous_5)","decl":{"start":{"line":104,"column":13},"end":{"line":104,"column":29}},"loc":{"start":{"line":104,"column":65},"end":{"line":136,"column":null}},"line":104},"6":{"name":"(anonymous_6)","decl":{"start":{"line":105,"column":9},"end":{"line":105,"column":16}},"loc":{"start":{"line":105,"column":69},"end":{"line":135,"column":null}},"line":105},"7":{"name":"(anonymous_7)","decl":{"start":{"line":139,"column":13},"end":{"line":139,"column":31}},"loc":{"start":{"line":139,"column":62},"end":{"line":148,"column":null}},"line":139}},"branchMap":{"0":{"loc":{"start":{"line":11,"column":2},"end":{"line":13,"column":null}},"type":"if","locations":[{"start":{"line":11,"column":2},"end":{"line":13,"column":null}},{"start":{},"end":{}}],"line":11},"1":{"loc":{"start":{"line":11,"column":6},"end":{"line":11,"column":54}},"type":"binary-expr","locations":[{"start":{"line":11,"column":6},"end":{"line":11,"column":20}},{"start":{"line":11,"column":20},"end":{"line":11,"column":54}}],"line":11},"2":{"loc":{"start":{"line":22,"column":6},"end":{"line":28,"column":null}},"type":"if","locations":[{"start":{"line":22,"column":6},"end":{"line":28,"column":null}},{"start":{},"end":{}}],"line":22},"3":{"loc":{"start":{"line":32,"column":6},"end":{"line":38,"column":null}},"type":"if","locations":[{"start":{"line":32,"column":6},"end":{"line":38,"column":null}},{"start":{},"end":{}}],"line":32},"4":{"loc":{"start":{"line":41,"column":6},"end":{"line":47,"column":null}},"type":"if","locations":[{"start":{"line":41,"column":6},"end":{"line":47,"column":null}},{"start":{},"end":{}}],"line":41},"5":{"loc":{"start":{"line":49,"column":6},"end":{"line":55,"column":null}},"type":"if","locations":[{"start":{"line":49,"column":6},"end":{"line":55,"column":null}},{"start":{},"end":{}}],"line":49},"6":{"loc":{"start":{"line":79,"column":4},"end":{"line":87,"column":null}},"type":"if","locations":[{"start":{"line":79,"column":4},"end":{"line":87,"column":null}},{"start":{},"end":{}}],"line":79},"7":{"loc":{"start":{"line":89,"column":4},"end":{"line":97,"column":null}},"type":"if","locations":[{"start":{"line":89,"column":4},"end":{"line":97,"column":null}},{"start":{},"end":{}}],"line":89},"8":{"loc":{"start":{"line":108,"column":6},"end":{"line":110,"column":null}},"type":"if","locations":[{"start":{"line":108,"column":6},"end":{"line":110,"column":null}},{"start":{},"end":{}}],"line":108},"9":{"loc":{"start":{"line":113,"column":6},"end":{"line":115,"column":null}},"type":"if","locations":[{"start":{"line":113,"column":6},"end":{"line":115,"column":null}},{"start":{},"end":{}}],"line":113},"10":{"loc":{"start":{"line":118,"column":6},"end":{"line":128,"column":null}},"type":"if","locations":[{"start":{"line":118,"column":6},"end":{"line":128,"column":null}},{"start":{},"end":{}}],"line":118},"11":{"loc":{"start":{"line":118,"column":10},"end":{"line":118,"column":44}},"type":"binary-expr","locations":[{"start":{"line":118,"column":10},"end":{"line":118,"column":18}},{"start":{"line":118,"column":18},"end":{"line":118,"column":44}}],"line":118},"12":{"loc":{"start":{"line":140,"column":2},"end":{"line":146,"column":null}},"type":"if","locations":[{"start":{"line":140,"column":2},"end":{"line":146,"column":null}},{"start":{},"end":{}}],"line":140}},"s":{"0":1,"1":3,"2":3,"3":1,"4":2,"5":1,"6":2,"7":2,"8":2,"9":2,"10":1,"11":1,"12":1,"13":0,"14":1,"15":1,"16":0,"17":1,"18":0,"19":1,"20":1,"21":1,"22":1,"23":1,"24":3,"25":3,"26":3,"27":1,"28":2,"29":1,"30":1,"31":1,"32":1,"33":1,"34":1,"35":1,"36":1,"37":0,"38":0,"39":0,"40":0,"41":0,"42":0,"43":0,"44":0,"45":0,"46":1,"47":2,"48":1,"49":1},"f":{"0":3,"1":2,"2":2,"3":3,"4":3,"5":1,"6":1,"7":2},"b":{"0":[1,2],"1":[3,1],"2":[1,1],"3":[0,1],"4":[0,1],"5":[0,1],"6":[1,2],"7":[1,1],"8":[1,0],"9":[0,0],"10":[0,0],"11":[0,0],"12":[1,1]},"meta":{"lastBranch":13,"lastFunction":8,"lastStatement":50,"seen":{"s:9:6:15:Infinity":0,"f:9:6:9:22":0,"s:10:21:10:Infinity":1,"b:11:2:13:Infinity:undefined:undefined:undefined:undefined":0,"s:11:2:13:Infinity":2,"b:11:6:11:20:11:20:11:54":1,"s:12:4:12:Infinity":3,"s:14:2:14:Infinity":4,"s:18:13:72:Infinity":5,"f:18:13:18:29":1,"s:19:2:71:Infinity":6,"f:19:9:19:16":2,"s:20:4:70:Infinity":7,"s:21:20:21:Infinity":8,"b:22:6:28:Infinity:undefined:undefined:undefined:undefined":2,"s:22:6:28:Infinity":9,"s:23:8:27:Infinity":10,"s:30:22:30:Infinity":11,"b:32:6:38:Infinity:undefined:undefined:undefined:undefined":3,"s:32:6:38:Infinity":12,"s:33:8:37:Infinity":13,"s:40:19:40:Infinity":14,"b:41:6:47:Infinity:undefined:undefined:undefined:undefined":4,"s:41:6:47:Infinity":15,"s:42:8:46:Infinity":16,"b:49:6:55:Infinity:undefined:undefined:undefined:undefined":5,"s:49:6:55:Infinity":17,"s:50:8:54:Infinity":18,"s:57:37:64:Infinity":19,"s:66:6:66:Infinity":20,"s:67:6:67:Infinity":21,"s:69:6:69:Infinity":22,"s:75:13:101:Infinity":23,"f:75:13:75:28":3,"s:76:2:100:Infinity":24,"f:76:2:76:10":4,"s:77:17:77:Infinity":25,"b:79:4:87:Infinity:undefined:undefined:undefined:undefined":6,"s:79:4:87:Infinity":26,"s:80:6:86:Infinity":27,"b:89:4:97:Infinity:undefined:undefined:undefined:undefined":7,"s:89:4:97:Infinity":28,"s:90:6:96:Infinity":29,"s:99:4:99:Infinity":30,"s:104:13:136:Infinity":31,"f:104:13:104:29":5,"s:105:2:135:Infinity":32,"f:105:9:105:16":6,"s:106:4:134:Infinity":33,"s:107:20:107:Infinity":34,"b:108:6:110:Infinity:undefined:undefined:undefined:undefined":8,"s:108:6:110:Infinity":35,"s:109:8:109:Infinity":36,"s:112:22:112:Infinity":37,"b:113:6:115:Infinity:undefined:undefined:undefined:undefined":9,"s:113:6:115:Infinity":38,"s:114:8:114:Infinity":39,"s:117:19:117:Infinity":40,"b:118:6:128:Infinity:undefined:undefined:undefined:undefined":10,"s:118:6:128:Infinity":41,"b:118:10:118:18:118:18:118:44":11,"s:119:39:126:Infinity":42,"s:127:8:127:Infinity":43,"s:130:6:130:Infinity":44,"s:133:6:133:Infinity":45,"s:139:13:148:Infinity":46,"f:139:13:139:31":7,"b:140:2:146:Infinity:undefined:undefined:undefined:undefined":12,"s:140:2:146:Infinity":47,"s:141:4:145:Infinity":48,"s:147:2:147:Infinity":49},"fnNames":{}}}
,"C:\\Users\\user\\AssetFlow\\backend\\src\\modules\\auth\\services\\auth.service.ts": {"path":"C:\\Users\\user\\AssetFlow\\backend\\src\\modules\\auth\\services\\auth.service.ts","statementMap":{"0":{"start":{"line":15,"column":21},"end":{"line":15,"column":null}},"1":{"start":{"line":16,"column":21},"end":{"line":16,"column":null}},"2":{"start":{"line":21,"column":17},"end":{"line":21,"column":null}},"3":{"start":{"line":22,"column":4},"end":{"line":28,"column":null}},"4":{"start":{"line":23,"column":6},"end":{"line":27,"column":null}},"5":{"start":{"line":30,"column":4},"end":{"line":36,"column":null}},"6":{"start":{"line":31,"column":6},"end":{"line":35,"column":null}},"7":{"start":{"line":39,"column":20},"end":{"line":39,"column":null}},"8":{"start":{"line":40,"column":4},"end":{"line":46,"column":null}},"9":{"start":{"line":41,"column":6},"end":{"line":45,"column":null}},"10":{"start":{"line":49,"column":28},"end":{"line":49,"column":49}},"11":{"start":{"line":50,"column":31},"end":{"line":50,"column":null}},"12":{"start":{"line":52,"column":22},"end":{"line":52,"column":null}},"13":{"start":{"line":53,"column":4},"end":{"line":53,"column":null}},"14":{"start":{"line":56,"column":20},"end":{"line":62,"column":null}},"15":{"start":{"line":65,"column":24},"end":{"line":70,"column":null}},"16":{"start":{"line":72,"column":4},"end":{"line":75,"column":null}},"17":{"start":{"line":79,"column":24},"end":{"line":79,"column":null}},"18":{"start":{"line":80,"column":20},"end":{"line":80,"column":null}},"19":{"start":{"line":82,"column":4},"end":{"line":88,"column":null}},"20":{"start":{"line":83,"column":6},"end":{"line":87,"column":null}},"21":{"start":{"line":91,"column":4},"end":{"line":105,"column":null}},"22":{"start":{"line":95,"column":6},"end":{"line":99,"column":null}},"23":{"start":{"line":100,"column":6},"end":{"line":104,"column":null}},"24":{"start":{"line":107,"column":4},"end":{"line":113,"column":null}},"25":{"start":{"line":108,"column":6},"end":{"line":112,"column":null}},"26":{"start":{"line":116,"column":17},"end":{"line":116,"column":null}},"27":{"start":{"line":117,"column":4},"end":{"line":123,"column":null}},"28":{"start":{"line":118,"column":6},"end":{"line":122,"column":null}},"29":{"start":{"line":126,"column":31},"end":{"line":126,"column":52}},"30":{"start":{"line":127,"column":27},"end":{"line":127,"column":null}},"31":{"start":{"line":128,"column":25},"end":{"line":128,"column":null}},"32":{"start":{"line":129,"column":4},"end":{"line":129,"column":null}},"33":{"start":{"line":131,"column":27},"end":{"line":136,"column":null}},"34":{"start":{"line":139,"column":24},"end":{"line":144,"column":null}},"35":{"start":{"line":146,"column":4},"end":{"line":149,"column":null}},"36":{"start":{"line":153,"column":4},"end":{"line":153,"column":null}},"37":{"start":{"line":157,"column":4},"end":{"line":157,"column":null}}},"fnMap":{"0":{"name":"constructor","decl":{"start":{"line":14,"column":2},"end":{"line":14,"column":null}},"loc":{"start":{"line":17,"column":4},"end":{"line":17,"column":null}},"line":17},"1":{"name":"login","decl":{"start":{"line":19,"column":8},"end":{"line":19,"column":14}},"loc":{"start":{"line":19,"column":49},"end":{"line":76,"column":null}},"line":19},"2":{"name":"refreshToken","decl":{"start":{"line":78,"column":8},"end":{"line":78,"column":21}},"loc":{"start":{"line":78,"column":83},"end":{"line":150,"column":null}},"line":78},"3":{"name":"logout","decl":{"start":{"line":152,"column":8},"end":{"line":152,"column":15}},"loc":{"start":{"line":152,"column":91},"end":{"line":154,"column":null}},"line":152},"4":{"name":"logoutAll","decl":{"start":{"line":156,"column":8},"end":{"line":156,"column":18}},"loc":{"start":{"line":156,"column":98},"end":{"line":158,"column":null}},"line":156}},"branchMap":{"0":{"loc":{"start":{"line":22,"column":4},"end":{"line":28,"column":null}},"type":"if","locations":[{"start":{"line":22,"column":4},"end":{"line":28,"column":null}},{"start":{},"end":{}}],"line":22},"1":{"loc":{"start":{"line":30,"column":4},"end":{"line":36,"column":null}},"type":"if","locations":[{"start":{"line":30,"column":4},"end":{"line":36,"column":null}},{"start":{},"end":{}}],"line":30},"2":{"loc":{"start":{"line":40,"column":4},"end":{"line":46,"column":null}},"type":"if","locations":[{"start":{"line":40,"column":4},"end":{"line":46,"column":null}},{"start":{},"end":{}}],"line":40},"3":{"loc":{"start":{"line":82,"column":4},"end":{"line":88,"column":null}},"type":"if","locations":[{"start":{"line":82,"column":4},"end":{"line":88,"column":null}},{"start":{},"end":{}}],"line":82},"4":{"loc":{"start":{"line":91,"column":4},"end":{"line":105,"column":null}},"type":"if","locations":[{"start":{"line":91,"column":4},"end":{"line":105,"column":null}},{"start":{},"end":{}}],"line":91},"5":{"loc":{"start":{"line":92,"column":6},"end":{"line":93,"column":null}},"type":"binary-expr","locations":[{"start":{"line":92,"column":6},"end":{"line":92,"column":null}},{"start":{"line":93,"column":6},"end":{"line":93,"column":null}}],"line":92},"6":{"loc":{"start":{"line":107,"column":4},"end":{"line":113,"column":null}},"type":"if","locations":[{"start":{"line":107,"column":4},"end":{"line":113,"column":null}},{"start":{},"end":{}}],"line":107},"7":{"loc":{"start":{"line":107,"column":8},"end":{"line":107,"column":90}},"type":"binary-expr","locations":[{"start":{"line":107,"column":8},"end":{"line":107,"column":58}},{"start":{"line":107,"column":58},"end":{"line":107,"column":90}}],"line":107},"8":{"loc":{"start":{"line":117,"column":4},"end":{"line":123,"column":null}},"type":"if","locations":[{"start":{"line":117,"column":4},"end":{"line":123,"column":null}},{"start":{},"end":{}}],"line":117},"9":{"loc":{"start":{"line":117,"column":8},"end":{"line":117,"column":43}},"type":"binary-expr","locations":[{"start":{"line":117,"column":8},"end":{"line":117,"column":17}},{"start":{"line":117,"column":17},"end":{"line":117,"column":43}}],"line":117},"10":{"loc":{"start":{"line":152,"column":34},"end":{"line":152,"column":91}},"type":"default-arg","locations":[{"start":{"line":152,"column":51},"end":{"line":152,"column":91}}],"line":152},"11":{"loc":{"start":{"line":156,"column":34},"end":{"line":156,"column":98}},"type":"default-arg","locations":[{"start":{"line":156,"column":51},"end":{"line":156,"column":98}}],"line":156}},"s":{"0":11,"1":11,"2":4,"3":4,"4":1,"5":3,"6":1,"7":2,"8":2,"9":1,"10":1,"11":1,"12":1,"13":1,"14":1,"15":1,"16":1,"17":5,"18":5,"19":5,"20":1,"21":4,"22":1,"23":1,"24":3,"25":1,"26":2,"27":2,"28":1,"29":1,"30":1,"31":1,"32":1,"33":1,"34":1,"35":1,"36":1,"37":1},"f":{"0":11,"1":4,"2":5,"3":1,"4":1},"b":{"0":[1,3],"1":[1,2],"2":[1,1],"3":[1,4],"4":[1,3],"5":[4,3],"6":[1,2],"7":[3,3],"8":[1,1],"9":[2,2],"10":[1],"11":[1]},"meta":{"lastBranch":12,"lastFunction":5,"lastStatement":38,"seen":{"f:14:2:14:Infinity":0,"s:15:21:15:Infinity":0,"s:16:21:16:Infinity":1,"f:19:8:19:14":1,"s:21:17:21:Infinity":2,"b:22:4:28:Infinity:undefined:undefined:undefined:undefined":0,"s:22:4:28:Infinity":3,"s:23:6:27:Infinity":4,"b:30:4:36:Infinity:undefined:undefined:undefined:undefined":1,"s:30:4:36:Infinity":5,"s:31:6:35:Infinity":6,"s:39:20:39:Infinity":7,"b:40:4:46:Infinity:undefined:undefined:undefined:undefined":2,"s:40:4:46:Infinity":8,"s:41:6:45:Infinity":9,"s:49:28:49:49":10,"s:50:31:50:Infinity":11,"s:52:22:52:Infinity":12,"s:53:4:53:Infinity":13,"s:56:20:62:Infinity":14,"s:65:24:70:Infinity":15,"s:72:4:75:Infinity":16,"f:78:8:78:21":2,"s:79:24:79:Infinity":17,"s:80:20:80:Infinity":18,"b:82:4:88:Infinity:undefined:undefined:undefined:undefined":3,"s:82:4:88:Infinity":19,"s:83:6:87:Infinity":20,"b:91:4:105:Infinity:undefined:undefined:undefined:undefined":4,"s:91:4:105:Infinity":21,"b:92:6:92:Infinity:93:6:93:Infinity":5,"s:95:6:99:Infinity":22,"s:100:6:104:Infinity":23,"b:107:4:113:Infinity:undefined:undefined:undefined:undefined":6,"s:107:4:113:Infinity":24,"b:107:8:107:58:107:58:107:90":7,"s:108:6:112:Infinity":25,"s:116:17:116:Infinity":26,"b:117:4:123:Infinity:undefined:undefined:undefined:undefined":8,"s:117:4:123:Infinity":27,"b:117:8:117:17:117:17:117:43":9,"s:118:6:122:Infinity":28,"s:126:31:126:52":29,"s:127:27:127:Infinity":30,"s:128:25:128:Infinity":31,"s:129:4:129:Infinity":32,"s:131:27:136:Infinity":33,"s:139:24:144:Infinity":34,"s:146:4:149:Infinity":35,"f:152:8:152:15":3,"b:152:51:152:91":10,"s:153:4:153:Infinity":36,"f:156:8:156:18":4,"b:156:51:156:98":11,"s:157:4:157:Infinity":37},"fnNames":{}}}
,"C:\\Users\\user\\AssetFlow\\backend\\src\\modules\\auth\\types\\auth.types.ts": {"path":"C:\\Users\\user\\AssetFlow\\backend\\src\\modules\\auth\\types\\auth.types.ts","statementMap":{"0":{"start":{"line":1,"column":7},"end":{"line":7,"column":null}},"1":{"start":{"line":2,"column":2},"end":{"line":2,"column":null}},"2":{"start":{"line":3,"column":2},"end":{"line":3,"column":null}},"3":{"start":{"line":4,"column":2},"end":{"line":4,"column":null}},"4":{"start":{"line":5,"column":2},"end":{"line":5,"column":null}},"5":{"start":{"line":6,"column":2},"end":{"line":6,"column":null}},"6":{"start":{"line":9,"column":7},"end":{"line":14,"column":null}},"7":{"start":{"line":10,"column":2},"end":{"line":10,"column":null}},"8":{"start":{"line":11,"column":2},"end":{"line":11,"column":null}},"9":{"start":{"line":12,"column":2},"end":{"line":12,"column":null}},"10":{"start":{"line":13,"column":2},"end":{"line":13,"column":null}}},"fnMap":{"0":{"name":"(anonymous_0)","decl":{"start":{"line":1,"column":7},"end":{"line":1,"column":12}},"loc":{"start":{"line":1,"column":7},"end":{"line":7,"column":null}},"line":1},"1":{"name":"(anonymous_1)","decl":{"start":{"line":9,"column":7},"end":{"line":9,"column":12}},"loc":{"start":{"line":9,"column":7},"end":{"line":14,"column":null}},"line":9}},"branchMap":{},"s":{"0":1,"1":1,"2":1,"3":1,"4":1,"5":1,"6":1,"7":1,"8":1,"9":1,"10":1},"f":{"0":1,"1":1},"b":{},"meta":{"lastBranch":0,"lastFunction":2,"lastStatement":11,"seen":{"s:1:7:7:Infinity":0,"f:1:7:1:12":0,"s:2:2:2:Infinity":1,"s:3:2:3:Infinity":2,"s:4:2:4:Infinity":3,"s:5:2:5:Infinity":4,"s:6:2:6:Infinity":5,"s:9:7:14:Infinity":6,"f:9:7:9:12":1,"s:10:2:10:Infinity":7,"s:11:2:11:Infinity":8,"s:12:2:12:Infinity":9,"s:13:2:13:Infinity":10},"fnNames":{}}}
,"C:\\Users\\user\\AssetFlow\\backend\\src\\modules\\auth\\validations\\auth.validation.ts": {"path":"C:\\Users\\user\\AssetFlow\\backend\\src\\modules\\auth\\validations\\auth.validation.ts","statementMap":{"0":{"start":{"line":3,"column":27},"end":{"line":6,"column":null}}},"fnMap":{},"branchMap":{},"s":{"0":1},"f":{},"b":{},"meta":{"lastBranch":0,"lastFunction":0,"lastStatement":1,"seen":{"s:3:27:6:Infinity":0},"fnNames":{}}}
,"C:\\Users\\user\\AssetFlow\\backend\\src\\modules\\inventory\\services\\inventory.service.ts": {"path":"C:\\Users\\user\\AssetFlow\\backend\\src\\modules\\inventory\\services\\inventory.service.ts","statementMap":{"0":{"start":{"line":28,"column":31},"end":{"line":28,"column":64}},"1":{"start":{"line":32,"column":4},"end":{"line":32,"column":null}},"2":{"start":{"line":36,"column":4},"end":{"line":36,"column":null}},"3":{"start":{"line":40,"column":4},"end":{"line":40,"column":null}},"4":{"start":{"line":45,"column":4},"end":{"line":45,"column":null}},"5":{"start":{"line":49,"column":4},"end":{"line":49,"column":null}},"6":{"start":{"line":54,"column":4},"end":{"line":54,"column":null}},"7":{"start":{"line":58,"column":4},"end":{"line":58,"column":null}},"8":{"start":{"line":62,"column":4},"end":{"line":62,"column":null}},"9":{"start":{"line":67,"column":4},"end":{"line":67,"column":null}},"10":{"start":{"line":72,"column":15},"end":{"line":72,"column":null}},"11":{"start":{"line":73,"column":4},"end":{"line":73,"column":null}},"12":{"start":{"line":74,"column":4},"end":{"line":74,"column":null}},"13":{"start":{"line":78,"column":15},"end":{"line":78,"column":null}},"14":{"start":{"line":79,"column":4},"end":{"line":79,"column":null}},"15":{"start":{"line":80,"column":4},"end":{"line":80,"column":null}},"16":{"start":{"line":84,"column":16},"end":{"line":84,"column":null}},"17":{"start":{"line":85,"column":4},"end":{"line":85,"column":null}},"18":{"start":{"line":86,"column":4},"end":{"line":86,"column":null}},"19":{"start":{"line":90,"column":4},"end":{"line":90,"column":null}},"20":{"start":{"line":95,"column":24},"end":{"line":95,"column":null}},"21":{"start":{"line":96,"column":4},"end":{"line":96,"column":null}},"22":{"start":{"line":97,"column":4},"end":{"line":97,"column":null}},"23":{"start":{"line":101,"column":19},"end":{"line":101,"column":null}},"24":{"start":{"line":102,"column":4},"end":{"line":102,"column":null}},"25":{"start":{"line":104,"column":4},"end":{"line":104,"column":null}},"26":{"start":{"line":105,"column":4},"end":{"line":105,"column":null}},"27":{"start":{"line":109,"column":24},"end":{"line":109,"column":null}},"28":{"start":{"line":110,"column":4},"end":{"line":110,"column":null}},"29":{"start":{"line":111,"column":4},"end":{"line":111,"column":null}},"30":{"start":{"line":115,"column":4},"end":{"line":115,"column":null}},"31":{"start":{"line":120,"column":4},"end":{"line":120,"column":null}},"32":{"start":{"line":125,"column":4},"end":{"line":125,"column":null}},"33":{"start":{"line":129,"column":19},"end":{"line":129,"column":null}},"34":{"start":{"line":130,"column":4},"end":{"line":130,"column":null}},"35":{"start":{"line":131,"column":4},"end":{"line":133,"column":null}},"36":{"start":{"line":132,"column":6},"end":{"line":132,"column":null}},"37":{"start":{"line":134,"column":4},"end":{"line":134,"column":null}},"38":{"start":{"line":139,"column":26},"end":{"line":139,"column":null}},"39":{"start":{"line":140,"column":4},"end":{"line":142,"column":null}},"40":{"start":{"line":141,"column":6},"end":{"line":141,"column":null}},"41":{"start":{"line":146,"column":4},"end":{"line":146,"column":null}},"42":{"start":{"line":150,"column":4},"end":{"line":150,"column":null}}},"fnMap":{"0":{"name":"constructor","decl":{"start":{"line":28,"column":2},"end":{"line":28,"column":14}},"loc":{"start":{"line":28,"column":64},"end":{"line":28,"column":null}},"line":28},"1":{"name":"createWarehouse","decl":{"start":{"line":31,"column":8},"end":{"line":31,"column":24}},"loc":{"start":{"line":31,"column":76},"end":{"line":33,"column":null}},"line":31},"2":{"name":"getWarehouse","decl":{"start":{"line":35,"column":8},"end":{"line":35,"column":21}},"loc":{"start":{"line":35,"column":59},"end":{"line":37,"column":null}},"line":35},"3":{"name":"updateWarehouse","decl":{"start":{"line":39,"column":8},"end":{"line":39,"column":24}},"loc":{"start":{"line":39,"column":88},"end":{"line":41,"column":null}},"line":39},"4":{"name":"createCategory","decl":{"start":{"line":44,"column":8},"end":{"line":44,"column":23}},"loc":{"start":{"line":44,"column":91},"end":{"line":46,"column":null}},"line":44},"5":{"name":"getCategory","decl":{"start":{"line":48,"column":8},"end":{"line":48,"column":20}},"loc":{"start":{"line":48,"column":66},"end":{"line":50,"column":null}},"line":48},"6":{"name":"createInventoryItem","decl":{"start":{"line":53,"column":8},"end":{"line":53,"column":28}},"loc":{"start":{"line":53,"column":88},"end":{"line":55,"column":null}},"line":53},"7":{"name":"getInventoryItem","decl":{"start":{"line":57,"column":8},"end":{"line":57,"column":25}},"loc":{"start":{"line":57,"column":67},"end":{"line":59,"column":null}},"line":57},"8":{"name":"updateInventoryItem","decl":{"start":{"line":61,"column":8},"end":{"line":61,"column":28}},"loc":{"start":{"line":61,"column":100},"end":{"line":63,"column":null}},"line":61},"9":{"name":"getStockLevel","decl":{"start":{"line":66,"column":8},"end":{"line":66,"column":22}},"loc":{"start":{"line":66,"column":95},"end":{"line":68,"column":null}},"line":66},"10":{"name":"receiveStock","decl":{"start":{"line":71,"column":8},"end":{"line":71,"column":21}},"loc":{"start":{"line":71,"column":94},"end":{"line":75,"column":null}},"line":71},"11":{"name":"consumeStock","decl":{"start":{"line":77,"column":8},"end":{"line":77,"column":21}},"loc":{"start":{"line":77,"column":94},"end":{"line":81,"column":null}},"line":77},"12":{"name":"transferStock","decl":{"start":{"line":83,"column":8},"end":{"line":83,"column":22}},"loc":{"start":{"line":83,"column":98},"end":{"line":87,"column":null}},"line":83},"13":{"name":"getInventoryTimeline","decl":{"start":{"line":89,"column":8},"end":{"line":89,"column":29}},"loc":{"start":{"line":89,"column":89},"end":{"line":91,"column":null}},"line":89},"14":{"name":"reserveStock","decl":{"start":{"line":94,"column":8},"end":{"line":94,"column":21}},"loc":{"start":{"line":94,"column":99},"end":{"line":98,"column":null}},"line":94},"15":{"name":"fulfillReservation","decl":{"start":{"line":100,"column":8},"end":{"line":100,"column":27}},"loc":{"start":{"line":100,"column":143},"end":{"line":106,"column":null}},"line":100},"16":{"name":"cancelReservation","decl":{"start":{"line":108,"column":8},"end":{"line":108,"column":26}},"loc":{"start":{"line":108,"column":135},"end":{"line":112,"column":null}},"line":108},"17":{"name":"getActiveReservations","decl":{"start":{"line":114,"column":8},"end":{"line":114,"column":30}},"loc":{"start":{"line":114,"column":111},"end":{"line":116,"column":null}},"line":114},"18":{"name":"startCycleCount","decl":{"start":{"line":119,"column":8},"end":{"line":119,"column":24}},"loc":{"start":{"line":119,"column":95},"end":{"line":121,"column":null}},"line":119},"19":{"name":"recordCount","decl":{"start":{"line":123,"column":8},"end":{"line":123,"column":20}},"loc":{"start":{"line":123,"column":112},"end":{"line":126,"column":null}},"line":123},"20":{"name":"completeCycleCount","decl":{"start":{"line":128,"column":8},"end":{"line":128,"column":27}},"loc":{"start":{"line":128,"column":139},"end":{"line":135,"column":null}},"line":128},"21":{"name":"runLowStockCheck","decl":{"start":{"line":138,"column":8},"end":{"line":138,"column":25}},"loc":{"start":{"line":138,"column":68},"end":{"line":143,"column":null}},"line":138},"22":{"name":"getInventoryKPIs","decl":{"start":{"line":145,"column":8},"end":{"line":145,"column":56}},"loc":{"start":{"line":145,"column":56},"end":{"line":147,"column":null}},"line":145},"23":{"name":"getWarehouseUtilization","decl":{"start":{"line":149,"column":8},"end":{"line":149,"column":73}},"loc":{"start":{"line":149,"column":73},"end":{"line":151,"column":null}},"line":149}},"branchMap":{"0":{"loc":{"start":{"line":108,"column":55},"end":{"line":108,"column":135}},"type":"default-arg","locations":[{"start":{"line":108,"column":89},"end":{"line":108,"column":135}}],"line":108},"1":{"loc":{"start":{"line":131,"column":4},"end":{"line":133,"column":null}},"type":"if","locations":[{"start":{"line":131,"column":4},"end":{"line":133,"column":null}},{"start":{},"end":{}}],"line":131},"2":{"loc":{"start":{"line":138,"column":25},"end":{"line":138,"column":68}},"type":"default-arg","locations":[{"start":{"line":138,"column":43},"end":{"line":138,"column":68}}],"line":138}},"s":{"0":17,"1":1,"2":0,"3":0,"4":0,"5":0,"6":1,"7":0,"8":0,"9":1,"10":1,"11":1,"12":1,"13":1,"14":1,"15":1,"16":1,"17":1,"18":1,"19":1,"20":1,"21":1,"22":1,"23":1,"24":1,"25":1,"26":1,"27":1,"28":1,"29":1,"30":1,"31":1,"32":1,"33":1,"34":1,"35":1,"36":1,"37":1,"38":1,"39":1,"40":1,"41":1,"42":1},"f":{"0":17,"1":1,"2":0,"3":0,"4":0,"5":0,"6":1,"7":0,"8":0,"9":1,"10":1,"11":1,"12":1,"13":1,"14":1,"15":1,"16":1,"17":1,"18":1,"19":1,"20":1,"21":1,"22":1,"23":1},"b":{"0":[1],"1":[1,0],"2":[1]},"meta":{"lastBranch":3,"lastFunction":24,"lastStatement":43,"seen":{"f:28:2:28:14":0,"s:28:31:28:64":0,"f:31:8:31:24":1,"s:32:4:32:Infinity":1,"f:35:8:35:21":2,"s:36:4:36:Infinity":2,"f:39:8:39:24":3,"s:40:4:40:Infinity":3,"f:44:8:44:23":4,"s:45:4:45:Infinity":4,"f:48:8:48:20":5,"s:49:4:49:Infinity":5,"f:53:8:53:28":6,"s:54:4:54:Infinity":6,"f:57:8:57:25":7,"s:58:4:58:Infinity":7,"f:61:8:61:28":8,"s:62:4:62:Infinity":8,"f:66:8:66:22":9,"s:67:4:67:Infinity":9,"f:71:8:71:21":10,"s:72:15:72:Infinity":10,"s:73:4:73:Infinity":11,"s:74:4:74:Infinity":12,"f:77:8:77:21":11,"s:78:15:78:Infinity":13,"s:79:4:79:Infinity":14,"s:80:4:80:Infinity":15,"f:83:8:83:22":12,"s:84:16:84:Infinity":16,"s:85:4:85:Infinity":17,"s:86:4:86:Infinity":18,"f:89:8:89:29":13,"s:90:4:90:Infinity":19,"f:94:8:94:21":14,"s:95:24:95:Infinity":20,"s:96:4:96:Infinity":21,"s:97:4:97:Infinity":22,"f:100:8:100:27":15,"s:101:19:101:Infinity":23,"s:102:4:102:Infinity":24,"s:104:4:104:Infinity":25,"s:105:4:105:Infinity":26,"f:108:8:108:26":16,"b:108:89:108:135":0,"s:109:24:109:Infinity":27,"s:110:4:110:Infinity":28,"s:111:4:111:Infinity":29,"f:114:8:114:30":17,"s:115:4:115:Infinity":30,"f:119:8:119:24":18,"s:120:4:120:Infinity":31,"f:123:8:123:20":19,"s:125:4:125:Infinity":32,"f:128:8:128:27":20,"s:129:19:129:Infinity":33,"s:130:4:130:Infinity":34,"b:131:4:133:Infinity:undefined:undefined:undefined:undefined":1,"s:131:4:133:Infinity":35,"s:132:6:132:Infinity":36,"s:134:4:134:Infinity":37,"f:138:8:138:25":21,"b:138:43:138:68":2,"s:139:26:139:Infinity":38,"s:140:4:142:Infinity":39,"s:141:6:141:Infinity":40,"f:145:8:145:56":22,"s:146:4:146:Infinity":41,"f:149:8:149:73":23,"s:150:4:150:Infinity":42},"fnNames":{}}}
,"C:\\Users\\user\\AssetFlow\\backend\\src\\shared\\appError.ts": {"path":"C:\\Users\\user\\AssetFlow\\backend\\src\\shared\\appError.ts","statementMap":{"0":{"start":{"line":8,"column":4},"end":{"line":8,"column":null}},"1":{"start":{"line":9,"column":4},"end":{"line":9,"column":null}},"2":{"start":{"line":10,"column":4},"end":{"line":10,"column":null}},"3":{"start":{"line":11,"column":4},"end":{"line":11,"column":null}},"4":{"start":{"line":12,"column":4},"end":{"line":12,"column":null}},"5":{"start":{"line":14,"column":4},"end":{"line":14,"column":null}}},"fnMap":{"0":{"name":"constructor","decl":{"start":{"line":7,"column":2},"end":{"line":7,"column":14}},"loc":{"start":{"line":7,"column":94},"end":{"line":15,"column":null}},"line":7}},"branchMap":{"0":{"loc":{"start":{"line":7,"column":51},"end":{"line":7,"column":75}},"type":"default-arg","locations":[{"start":{"line":7,"column":66},"end":{"line":7,"column":75}}],"line":7}},"s":{"0":13,"1":13,"2":13,"3":13,"4":13,"5":13},"f":{"0":13},"b":{"0":[13]},"meta":{"lastBranch":1,"lastFunction":1,"lastStatement":6,"seen":{"f:7:2:7:14":0,"b:7:66:7:75":0,"s:8:4:8:Infinity":0,"s:9:4:9:Infinity":1,"s:10:4:10:Infinity":2,"s:11:4:11:Infinity":3,"s:12:4:12:Infinity":4,"s:14:4:14:Infinity":5},"fnNames":{}}}
,"C:\\Users\\user\\AssetFlow\\backend\\src\\shared\\errorHandler.ts": {"path":"C:\\Users\\user\\AssetFlow\\backend\\src\\shared\\errorHandler.ts","statementMap":{"0":{"start":{"line":7,"column":13},"end":{"line":19,"column":null}},"1":{"start":{"line":8,"column":2},"end":{"line":10,"column":null}},"2":{"start":{"line":9,"column":4},"end":{"line":9,"column":null}},"3":{"start":{"line":12,"column":2},"end":{"line":12,"column":null}},"4":{"start":{"line":13,"column":2},"end":{"line":18,"column":null}}},"fnMap":{"0":{"name":"(anonymous_0)","decl":{"start":{"line":7,"column":13},"end":{"line":7,"column":29}},"loc":{"start":{"line":7,"column":95},"end":{"line":19,"column":null}},"line":7}},"branchMap":{"0":{"loc":{"start":{"line":8,"column":2},"end":{"line":10,"column":null}},"type":"if","locations":[{"start":{"line":8,"column":2},"end":{"line":10,"column":null}},{"start":{},"end":{}}],"line":8}},"s":{"0":1,"1":2,"2":1,"3":1,"4":1},"f":{"0":2},"b":{"0":[1,1]},"meta":{"lastBranch":1,"lastFunction":1,"lastStatement":5,"seen":{"s:7:13:19:Infinity":0,"f:7:13:7:29":0,"b:8:2:10:Infinity:undefined:undefined:undefined:undefined":0,"s:8:2:10:Infinity":1,"s:9:4:9:Infinity":2,"s:12:2:12:Infinity":3,"s:13:2:18:Infinity":4},"fnNames":{}}}
,"C:\\Users\\user\\AssetFlow\\backend\\src\\shared\\jwt.ts": {"path":"C:\\Users\\user\\AssetFlow\\backend\\src\\shared\\jwt.ts","statementMap":{"0":{"start":{"line":9,"column":13},"end":{"line":21,"column":null}},"1":{"start":{"line":12,"column":14},"end":{"line":12,"column":null}},"2":{"start":{"line":14,"column":2},"end":{"line":20,"column":null}},"3":{"start":{"line":23,"column":13},"end":{"line":44,"column":null}},"4":{"start":{"line":24,"column":2},"end":{"line":43,"column":null}},"5":{"start":{"line":25,"column":4},"end":{"line":29,"column":null}},"6":{"start":{"line":31,"column":4},"end":{"line":37,"column":null}},"7":{"start":{"line":32,"column":6},"end":{"line":36,"column":null}},"8":{"start":{"line":38,"column":4},"end":{"line":42,"column":null}},"9":{"start":{"line":46,"column":13},"end":{"line":48,"column":null}},"10":{"start":{"line":47,"column":2},"end":{"line":47,"column":null}}},"fnMap":{"0":{"name":"(anonymous_0)","decl":{"start":{"line":9,"column":13},"end":{"line":9,"column":null}},"loc":{"start":{"line":11,"column":13},"end":{"line":21,"column":null}},"line":11},"1":{"name":"(anonymous_1)","decl":{"start":{"line":23,"column":13},"end":{"line":23,"column":34}},"loc":{"start":{"line":23,"column":64},"end":{"line":44,"column":null}},"line":23},"2":{"name":"(anonymous_2)","decl":{"start":{"line":46,"column":13},"end":{"line":46,"column":34}},"loc":{"start":{"line":46,"column":71},"end":{"line":48,"column":null}},"line":46}},"branchMap":{"0":{"loc":{"start":{"line":31,"column":4},"end":{"line":37,"column":null}},"type":"if","locations":[{"start":{"line":31,"column":4},"end":{"line":37,"column":null}},{"start":{},"end":{}}],"line":31}},"s":{"0":2,"1":3,"2":3,"3":2,"4":2,"5":2,"6":1,"7":0,"8":1,"9":2,"10":0},"f":{"0":3,"1":2,"2":0},"b":{"0":[0,1]},"meta":{"lastBranch":1,"lastFunction":3,"lastStatement":11,"seen":{"s:9:13:21:Infinity":0,"f:9:13:9:Infinity":0,"s:12:14:12:Infinity":1,"s:14:2:20:Infinity":2,"s:23:13:44:Infinity":3,"f:23:13:23:34":1,"s:24:2:43:Infinity":4,"s:25:4:29:Infinity":5,"b:31:4:37:Infinity:undefined:undefined:undefined:undefined":0,"s:31:4:37:Infinity":6,"s:32:6:36:Infinity":7,"s:38:4:42:Infinity":8,"s:46:13:48:Infinity":9,"f:46:13:46:34":2,"s:47:2:47:Infinity":10},"fnNames":{}}}
,"C:\\Users\\user\\AssetFlow\\backend\\src\\shared\\logger.ts": {"path":"C:\\Users\\user\\AssetFlow\\backend\\src\\shared\\logger.ts","statementMap":{"0":{"start":{"line":13,"column":33},"end":{"line":13,"column":null}},"1":{"start":{"line":15,"column":22},"end":{"line":27,"column":null}},"2":{"start":{"line":16,"column":18},"end":{"line":16,"column":null}},"3":{"start":{"line":17,"column":2},"end":{"line":24,"column":null}},"4":{"start":{"line":18,"column":4},"end":{"line":18,"column":null}},"5":{"start":{"line":19,"column":4},"end":{"line":19,"column":null}},"6":{"start":{"line":19,"column":24},"end":{"line":19,"column":null}},"7":{"start":{"line":20,"column":4},"end":{"line":20,"column":null}},"8":{"start":{"line":20,"column":22},"end":{"line":20,"column":null}},"9":{"start":{"line":21,"column":4},"end":{"line":21,"column":null}},"10":{"start":{"line":21,"column":24},"end":{"line":21,"column":null}},"11":{"start":{"line":22,"column":4},"end":{"line":22,"column":null}},"12":{"start":{"line":22,"column":24},"end":{"line":22,"column":null}},"13":{"start":{"line":23,"column":4},"end":{"line":23,"column":null}},"14":{"start":{"line":23,"column":27},"end":{"line":23,"column":null}},"15":{"start":{"line":25,"column":2},"end":{"line":25,"column":null}},"16":{"start":{"line":26,"column":2},"end":{"line":26,"column":null}},"17":{"start":{"line":29,"column":22},"end":{"line":39,"column":null}}},"fnMap":{"0":{"name":"(anonymous_0)","decl":{"start":{"line":15,"column":30},"end":{"line":15,"column":38}},"loc":{"start":{"line":15,"column":47},"end":{"line":27,"column":1}},"line":15}},"branchMap":{"0":{"loc":{"start":{"line":17,"column":2},"end":{"line":24,"column":null}},"type":"if","locations":[{"start":{"line":17,"column":2},"end":{"line":24,"column":null}},{"start":{},"end":{}}],"line":17},"1":{"loc":{"start":{"line":19,"column":4},"end":{"line":19,"column":null}},"type":"if","locations":[{"start":{"line":19,"column":4},"end":{"line":19,"column":null}},{"start":{},"end":{}}],"line":19},"2":{"loc":{"start":{"line":20,"column":4},"end":{"line":20,"column":null}},"type":"if","locations":[{"start":{"line":20,"column":4},"end":{"line":20,"column":null}},{"start":{},"end":{}}],"line":20},"3":{"loc":{"start":{"line":21,"column":4},"end":{"line":21,"column":null}},"type":"if","locations":[{"start":{"line":21,"column":4},"end":{"line":21,"column":null}},{"start":{},"end":{}}],"line":21},"4":{"loc":{"start":{"line":22,"column":4},"end":{"line":22,"column":null}},"type":"if","locations":[{"start":{"line":22,"column":4},"end":{"line":22,"column":null}},{"start":{},"end":{}}],"line":22},"5":{"loc":{"start":{"line":23,"column":4},"end":{"line":23,"column":null}},"type":"if","locations":[{"start":{"line":23,"column":4},"end":{"line":23,"column":null}},{"start":{},"end":{}}],"line":23},"6":{"loc":{"start":{"line":25,"column":7},"end":{"line":25,"column":null}},"type":"binary-expr","locations":[{"start":{"line":25,"column":7},"end":{"line":25,"column":45}},{"start":{"line":25,"column":45},"end":{"line":25,"column":null}}],"line":25},"7":{"loc":{"start":{"line":30,"column":9},"end":{"line":30,"column":null}},"type":"binary-expr","locations":[{"start":{"line":30,"column":9},"end":{"line":30,"column":34}},{"start":{"line":30,"column":34},"end":{"line":30,"column":null}}],"line":30}},"s":{"0":5,"1":5,"2":1,"3":1,"4":0,"5":0,"6":0,"7":0,"8":0,"9":0,"10":0,"11":0,"12":0,"13":0,"14":0,"15":1,"16":1,"17":5},"f":{"0":1},"b":{"0":[0,1],"1":[0,0],"2":[0,0],"3":[0,0],"4":[0,0],"5":[0,0],"6":[1,0],"7":[5,5]},"meta":{"lastBranch":8,"lastFunction":1,"lastStatement":18,"seen":{"s:13:33:13:Infinity":0,"s:15:22:27:Infinity":1,"f:15:30:15:38":0,"s:16:18:16:Infinity":2,"b:17:2:24:Infinity:undefined:undefined:undefined:undefined":0,"s:17:2:24:Infinity":3,"s:18:4:18:Infinity":4,"b:19:4:19:Infinity:undefined:undefined:undefined:undefined":1,"s:19:4:19:Infinity":5,"s:19:24:19:Infinity":6,"b:20:4:20:Infinity:undefined:undefined:undefined:undefined":2,"s:20:4:20:Infinity":7,"s:20:22:20:Infinity":8,"b:21:4:21:Infinity:undefined:undefined:undefined:undefined":3,"s:21:4:21:Infinity":9,"s:21:24:21:Infinity":10,"b:22:4:22:Infinity:undefined:undefined:undefined:undefined":4,"s:22:4:22:Infinity":11,"s:22:24:22:Infinity":12,"b:23:4:23:Infinity:undefined:undefined:undefined:undefined":5,"s:23:4:23:Infinity":13,"s:23:27:23:Infinity":14,"s:25:2:25:Infinity":15,"b:25:7:25:45:25:45:25:Infinity":6,"s:26:2:26:Infinity":16,"s:29:22:39:Infinity":17,"b:30:9:30:34:30:34:30:Infinity":7},"fnNames":{}}}
,"C:\\Users\\user\\AssetFlow\\backend\\src\\shared\\rbac.ts": {"path":"C:\\Users\\user\\AssetFlow\\backend\\src\\shared\\rbac.ts","statementMap":{"0":{"start":{"line":4,"column":13},"end":{"line":7,"column":null}},"1":{"start":{"line":5,"column":22},"end":{"line":5,"column":null}},"2":{"start":{"line":6,"column":2},"end":{"line":6,"column":null}},"3":{"start":{"line":9,"column":13},"end":{"line":12,"column":null}},"4":{"start":{"line":10,"column":26},"end":{"line":10,"column":null}},"5":{"start":{"line":11,"column":2},"end":{"line":11,"column":null}},"6":{"start":{"line":11,"column":40},"end":{"line":11,"column":67}},"7":{"start":{"line":14,"column":13},"end":{"line":17,"column":null}},"8":{"start":{"line":15,"column":26},"end":{"line":15,"column":null}},"9":{"start":{"line":16,"column":2},"end":{"line":16,"column":null}},"10":{"start":{"line":16,"column":41},"end":{"line":16,"column":68}}},"fnMap":{"0":{"name":"(anonymous_0)","decl":{"start":{"line":4,"column":13},"end":{"line":4,"column":30}},"loc":{"start":{"line":4,"column":80},"end":{"line":7,"column":null}},"line":4},"1":{"name":"(anonymous_1)","decl":{"start":{"line":9,"column":13},"end":{"line":9,"column":33}},"loc":{"start":{"line":9,"column":93},"end":{"line":12,"column":null}},"line":9},"2":{"name":"(anonymous_2)","decl":{"start":{"line":11,"column":28},"end":{"line":11,"column":34}},"loc":{"start":{"line":11,"column":40},"end":{"line":11,"column":67}},"line":11},"3":{"name":"(anonymous_3)","decl":{"start":{"line":14,"column":13},"end":{"line":14,"column":34}},"loc":{"start":{"line":14,"column":94},"end":{"line":17,"column":null}},"line":14},"4":{"name":"(anonymous_4)","decl":{"start":{"line":16,"column":28},"end":{"line":16,"column":35}},"loc":{"start":{"line":16,"column":41},"end":{"line":16,"column":68}},"line":16}},"branchMap":{"0":{"loc":{"start":{"line":5,"column":22},"end":{"line":5,"column":null}},"type":"binary-expr","locations":[{"start":{"line":5,"column":22},"end":{"line":5,"column":56}},{"start":{"line":5,"column":56},"end":{"line":5,"column":null}}],"line":5},"1":{"loc":{"start":{"line":10,"column":26},"end":{"line":10,"column":null}},"type":"binary-expr","locations":[{"start":{"line":10,"column":26},"end":{"line":10,"column":60}},{"start":{"line":10,"column":60},"end":{"line":10,"column":null}}],"line":10},"2":{"loc":{"start":{"line":15,"column":26},"end":{"line":15,"column":null}},"type":"binary-expr","locations":[{"start":{"line":15,"column":26},"end":{"line":15,"column":60}},{"start":{"line":15,"column":60},"end":{"line":15,"column":null}}],"line":15}},"s":{"0":1,"1":2,"2":2,"3":1,"4":1,"5":1,"6":2,"7":1,"8":2,"9":2,"10":3},"f":{"0":2,"1":1,"2":2,"3":2,"4":3},"b":{"0":[2,0],"1":[1,0],"2":[2,0]},"meta":{"lastBranch":3,"lastFunction":5,"lastStatement":11,"seen":{"s:4:13:7:Infinity":0,"f:4:13:4:30":0,"s:5:22:5:Infinity":1,"b:5:22:5:56:5:56:5:Infinity":0,"s:6:2:6:Infinity":2,"s:9:13:12:Infinity":3,"f:9:13:9:33":1,"s:10:26:10:Infinity":4,"b:10:26:10:60:10:60:10:Infinity":1,"s:11:2:11:Infinity":5,"f:11:28:11:34":2,"s:11:40:11:67":6,"s:14:13:17:Infinity":7,"f:14:13:14:34":3,"s:15:26:15:Infinity":8,"b:15:26:15:60:15:60:15:Infinity":2,"s:16:2:16:Infinity":9,"f:16:28:16:35":4,"s:16:41:16:68":10},"fnNames":{}}}
,"C:\\Users\\user\\AssetFlow\\backend\\src\\shared\\refreshToken.ts": {"path":"C:\\Users\\user\\AssetFlow\\backend\\src\\shared\\refreshToken.ts","statementMap":{"0":{"start":{"line":3,"column":13},"end":{"line":5,"column":null}},"1":{"start":{"line":4,"column":2},"end":{"line":4,"column":null}},"2":{"start":{"line":7,"column":13},"end":{"line":9,"column":null}},"3":{"start":{"line":8,"column":2},"end":{"line":8,"column":null}},"4":{"start":{"line":11,"column":13},"end":{"line":22,"column":null}},"5":{"start":{"line":12,"column":15},"end":{"line":12,"column":null}},"6":{"start":{"line":14,"column":21},"end":{"line":14,"column":null}},"7":{"start":{"line":15,"column":23},"end":{"line":15,"column":null}},"8":{"start":{"line":17,"column":2},"end":{"line":19,"column":null}},"9":{"start":{"line":18,"column":4},"end":{"line":18,"column":null}},"10":{"start":{"line":21,"column":2},"end":{"line":21,"column":null}}},"fnMap":{"0":{"name":"(anonymous_0)","decl":{"start":{"line":3,"column":13},"end":{"line":3,"column":50}},"loc":{"start":{"line":3,"column":50},"end":{"line":5,"column":null}},"line":3},"1":{"name":"(anonymous_1)","decl":{"start":{"line":7,"column":13},"end":{"line":7,"column":33}},"loc":{"start":{"line":7,"column":59},"end":{"line":9,"column":null}},"line":7},"2":{"name":"(anonymous_2)","decl":{"start":{"line":11,"column":13},"end":{"line":11,"column":35}},"loc":{"start":{"line":11,"column":88},"end":{"line":22,"column":null}},"line":11}},"branchMap":{"0":{"loc":{"start":{"line":17,"column":2},"end":{"line":19,"column":null}},"type":"if","locations":[{"start":{"line":17,"column":2},"end":{"line":19,"column":null}},{"start":{},"end":{}}],"line":17}},"s":{"0":2,"1":3,"2":2,"3":11,"4":2,"5":2,"6":2,"7":2,"8":2,"9":0,"10":2},"f":{"0":3,"1":11,"2":2},"b":{"0":[0,2]},"meta":{"lastBranch":1,"lastFunction":3,"lastStatement":11,"seen":{"s:3:13:5:Infinity":0,"f:3:13:3:50":0,"s:4:2:4:Infinity":1,"s:7:13:9:Infinity":2,"f:7:13:7:33":1,"s:8:2:8:Infinity":3,"s:11:13:22:Infinity":4,"f:11:13:11:35":2,"s:12:15:12:Infinity":5,"s:14:21:14:Infinity":6,"s:15:23:15:Infinity":7,"b:17:2:19:Infinity:undefined:undefined:undefined:undefined":0,"s:17:2:19:Infinity":8,"s:18:4:18:Infinity":9,"s:21:2:21:Infinity":10},"fnNames":{}}}
,"C:\\Users\\user\\AssetFlow\\backend\\src\\shared\\response.ts": {"path":"C:\\Users\\user\\AssetFlow\\backend\\src\\shared\\response.ts","statementMap":{"0":{"start":{"line":5,"column":13},"end":{"line":7,"column":null}},"1":{"start":{"line":6,"column":2},"end":{"line":6,"column":null}},"2":{"start":{"line":9,"column":13},"end":{"line":11,"column":null}},"3":{"start":{"line":10,"column":2},"end":{"line":10,"column":null}},"4":{"start":{"line":13,"column":13},"end":{"line":15,"column":null}},"5":{"start":{"line":14,"column":2},"end":{"line":14,"column":null}},"6":{"start":{"line":17,"column":13},"end":{"line":19,"column":null}},"7":{"start":{"line":18,"column":2},"end":{"line":18,"column":null}},"8":{"start":{"line":21,"column":13},"end":{"line":38,"column":null}},"9":{"start":{"line":28,"column":18},"end":{"line":28,"column":null}},"10":{"start":{"line":29,"column":2},"end":{"line":37,"column":null}}},"fnMap":{"0":{"name":"(anonymous_0)","decl":{"start":{"line":5,"column":13},"end":{"line":5,"column":28}},"loc":{"start":{"line":5,"column":79},"end":{"line":7,"column":null}},"line":5},"1":{"name":"(anonymous_1)","decl":{"start":{"line":9,"column":13},"end":{"line":9,"column":37}},"loc":{"start":{"line":9,"column":161},"end":{"line":11,"column":null}},"line":9},"2":{"name":"(anonymous_2)","decl":{"start":{"line":13,"column":13},"end":{"line":13,"column":28}},"loc":{"start":{"line":13,"column":79},"end":{"line":15,"column":null}},"line":13},"3":{"name":"(anonymous_3)","decl":{"start":{"line":17,"column":13},"end":{"line":17,"column":30}},"loc":{"start":{"line":17,"column":48},"end":{"line":19,"column":null}},"line":17},"4":{"name":"(anonymous_4)","decl":{"start":{"line":21,"column":13},"end":{"line":21,"column":null}},"loc":{"start":{"line":27,"column":5},"end":{"line":38,"column":null}},"line":27}},"branchMap":{"0":{"loc":{"start":{"line":34,"column":15},"end":{"line":34,"column":null}},"type":"binary-expr","locations":[{"start":{"line":34,"column":15},"end":{"line":34,"column":26}},{"start":{"line":34,"column":26},"end":{"line":34,"column":null}}],"line":34},"1":{"loc":{"start":{"line":35,"column":21},"end":{"line":35,"column":null}},"type":"binary-expr","locations":[{"start":{"line":35,"column":21},"end":{"line":35,"column":47}},{"start":{"line":35,"column":47},"end":{"line":35,"column":null}}],"line":35}},"s":{"0":2,"1":1,"2":2,"3":0,"4":2,"5":1,"6":2,"7":1,"8":2,"9":2,"10":2},"f":{"0":1,"1":0,"2":1,"3":1,"4":2},"b":{"0":[2,2],"1":[2,2]},"meta":{"lastBranch":2,"lastFunction":5,"lastStatement":11,"seen":{"s:5:13:7:Infinity":0,"f:5:13:5:28":0,"s:6:2:6:Infinity":1,"s:9:13:11:Infinity":2,"f:9:13:9:37":1,"s:10:2:10:Infinity":3,"s:13:13:15:Infinity":4,"f:13:13:13:28":2,"s:14:2:14:Infinity":5,"s:17:13:19:Infinity":6,"f:17:13:17:30":3,"s:18:2:18:Infinity":7,"s:21:13:38:Infinity":8,"f:21:13:21:Infinity":4,"s:28:18:28:Infinity":9,"s:29:2:37:Infinity":10,"b:34:15:34:26:34:26:34:Infinity":0,"b:35:21:35:47:35:47:35:Infinity":1},"fnNames":{}}}
,"C:\\Users\\user\\AssetFlow\\backend\\src\\shared\\events\\eventBus.ts": {"path":"C:\\Users\\user\\AssetFlow\\backend\\src\\shared\\events\\eventBus.ts","statementMap":{"0":{"start":{"line":10,"column":4},"end":{"line":10,"column":null}},"1":{"start":{"line":14,"column":4},"end":{"line":20,"column":null}},"2":{"start":{"line":15,"column":6},"end":{"line":19,"column":null}},"3":{"start":{"line":16,"column":8},"end":{"line":16,"column":null}},"4":{"start":{"line":18,"column":8},"end":{"line":18,"column":null}},"5":{"start":{"line":24,"column":20},"end":{"line":24,"column":null}},"6":{"start":{"line":26,"column":34},"end":{"line":37,"column":null}},"7":{"start":{"line":39,"column":4},"end":{"line":39,"column":null}},"8":{"start":{"line":40,"column":4},"end":{"line":40,"column":null}},"9":{"start":{"line":44,"column":24},"end":{"line":44,"column":null}}},"fnMap":{"0":{"name":"constructor","decl":{"start":{"line":9,"column":2},"end":{"line":9,"column":16}},"loc":{"start":{"line":9,"column":16},"end":{"line":11,"column":null}},"line":9},"1":{"name":"subscribe","decl":{"start":{"line":13,"column":2},"end":{"line":13,"column":9}},"loc":{"start":{"line":13,"column":83},"end":{"line":21,"column":null}},"line":13},"2":{"name":"(anonymous_2)","decl":{"start":{"line":14,"column":31},"end":{"line":14,"column":38}},"loc":{"start":{"line":14,"column":64},"end":{"line":20,"column":5}},"line":14},"3":{"name":"publish","decl":{"start":{"line":23,"column":2},"end":{"line":23,"column":9}},"loc":{"start":{"line":23,"column":112},"end":{"line":41,"column":null}},"line":23}},"branchMap":{"0":{"loc":{"start":{"line":23,"column":78},"end":{"line":23,"column":112}},"type":"default-arg","locations":[{"start":{"line":23,"column":98},"end":{"line":23,"column":112}}],"line":23}},"s":{"0":1,"1":0,"2":0,"3":0,"4":0,"5":0,"6":0,"7":0,"8":0,"9":1},"f":{"0":1,"1":0,"2":0,"3":0},"b":{"0":[0]},"meta":{"lastBranch":1,"lastFunction":4,"lastStatement":10,"seen":{"f:9:2:9:16":0,"s:10:4:10:Infinity":0,"f:13:2:13:9":1,"s:14:4:20:Infinity":1,"f:14:31:14:38":2,"s:15:6:19:Infinity":2,"s:16:8:16:Infinity":3,"s:18:8:18:Infinity":4,"f:23:2:23:9":3,"b:23:98:23:112":0,"s:24:20:24:Infinity":5,"s:26:34:37:Infinity":6,"s:39:4:39:Infinity":7,"s:40:4:40:Infinity":8,"s:44:24:44:Infinity":9},"fnNames":{}}}
}
